<?xml version="1.0" encoding="UTF-8"?>
<!-- Generated by org.testng.reporters.JUnitReportReporter -->
<testsuite hostname="DESKTOP-M9BLJAP" failures="0" tests="9" name="myTests.MyTestCases" time="108.069" errors="0" timestamp="2025-08-14T18:58:45 EET" skipped="0">
  <testcase classname="myTests.MyTestCases" name="checkTheHomePage" time="3.067"/>
  <system-out/>
  <testcase classname="myTests.MyTestCases" name="searchForHotels" time="36.571"/>
  <system-out/>
  <testcase classname="myTests.MyTestCases" name="testLanguageSelection" time="7.589"/>
  <system-out/>
  <testcase classname="myTests.MyTestCases" name="testCurrencySelection" time="6.475"/>
  <system-out/>
  <testcase classname="myTests.MyTestCases" name="openHotelAndBook" time="12.698"/>
  <system-out/>
  <testcase classname="myTests.MyTestCases" name="fillBookingForm" time="5.904"/>
  <system-out/>
  <testcase classname="myTests.MyTestCases" name="signUpProcess" time="28.181"/>
  <system-out/>
  <testcase classname="myTests.MyTestCases" name="testSupportPage" time="1.872"/>
  <system-out/>
  <testcase classname="myTests.MyTestCases" name="checkOfferPage" time="5.712"/>
  <system-out/>
</testsuite> <!-- myTests.MyTestCases -->
