<?xml version="1.0" encoding="UTF-8"?>
<!-- Generated by org.testng.reporters.JUnitReportReporter -->
<testsuite hostname="DESKTOP-M9BLJAP" failures="0" tests="2" name="myTests.MyTestCases" time="32.264" errors="0" timestamp="2025-08-09T18:15:05 EET" skipped="0">
  <testcase classname="myTests.MyTestCases" name="checkTheHomePage" time="1.056"/>
  <system-out/>
  <testcase classname="myTests.MyTestCases" name="searchForHotels" time="31.208"/>
  <system-out/>
</testsuite> <!-- myTests.MyTestCases -->
