<?xml version="1.0" encoding="UTF-8"?>
<!-- Generated by org.testng.reporters.JUnitReportReporter -->
<testsuite hostname="DESKTOP-M9BLJAP" failures="0" tests="9" name="myTests.MyTestCases" time="151.852" errors="0" timestamp="2025-08-16T00:17:06 EET" skipped="0">
  <testcase classname="myTests.MyTestCases" name="checkTheHomePage" time="5.631"/>
  <system-out/>
  <testcase classname="myTests.MyTestCases" name="searchForHotels" time="43.511"/>
  <system-out/>
  <testcase classname="myTests.MyTestCases" name="testLanguageSelection" time="9.755"/>
  <system-out/>
  <testcase classname="myTests.MyTestCases" name="testCurrencySelection" time="10.629"/>
  <system-out/>
  <testcase classname="myTests.MyTestCases" name="openHotelAndBook" time="22.470"/>
  <system-out/>
  <testcase classname="myTests.MyTestCases" name="fillBookingForm" time="8.993"/>
  <system-out/>
  <testcase classname="myTests.MyTestCases" name="signUpProcess" time="38.507"/>
  <system-out/>
  <testcase classname="myTests.MyTestCases" name="testSupportPage" time="2.790"/>
  <system-out/>
  <testcase classname="myTests.MyTestCases" name="checkOfferPage" time="9.566"/>
  <system-out/>
</testsuite> <!-- myTests.MyTestCases -->
