<?xml version="1.0" encoding="UTF-8"?>
<!-- Generated by org.testng.reporters.JUnitReportReporter -->
<testsuite hostname="DESKTOP-M9BLJAP" failures="0" tests="7" name="myTests.MyTestCases" time="108.634" errors="0" timestamp="2025-08-12T19:44:09 EET" skipped="0">
  <testcase classname="myTests.MyTestCases" name="checkTheHomePage" time="1.079"/>
  <system-out/>
  <testcase classname="myTests.MyTestCases" name="searchForHotels" time="29.616"/>
  <system-out/>
  <testcase classname="myTests.MyTestCases" name="testLanguageSelection" time="5.455"/>
  <system-out/>
  <testcase classname="myTests.MyTestCases" name="testCurrencySelection" time="7.394"/>
  <system-out/>
  <testcase classname="myTests.MyTestCases" name="openHotelAndBook" time="18.045"/>
  <system-out/>
  <testcase classname="myTests.MyTestCases" name="fillBookingForm" time="4.850"/>
  <system-out/>
  <testcase classname="myTests.MyTestCases" name="loginProcess" time="42.195"/>
  <system-out/>
</testsuite> <!-- myTests.MyTestCases -->
