<?xml version="1.0" encoding="UTF-8"?>
<!-- Generated by org.testng.reporters.JUnitReportReporter -->
<testsuite hostname="DESKTOP-M9BLJAP" failures="0" tests="2" name="myTests.MyTestCases" time="36.153" errors="0" timestamp="2025-08-03T18:10:48 EET" skipped="0">
  <testcase classname="myTests.MyTestCases" name="checkTheHomePage" time="4.154"/>
  <system-out/>
  <testcase classname="myTests.MyTestCases" name="fillData" time="31.999"/>
  <system-out/>
</testsuite> <!-- myTests.MyTestCases -->
